  billboard.cpp
  camera.cpp
  charsel.cpp
  cursor.cpp
  cutin.cpp
  effect.cpp
  effectUP.cpp
  event.cpp
  eventlogo.cpp
  fade.cpp
  flontpolygon.cpp
  game.cpp
  gamepad.cpp
  guard.cpp
  input.cpp
  Item.cpp
  life.cpp
  light.cpp
  line.cpp
  lineEffect.cpp
  コンパイル中...
  main.cpp
  marker.cpp
  meshField.cpp
  meshWall.cpp
  model.cpp
  orbit.cpp
  pause.cpp
  player.cpp
  playerMark.cpp
  select.cpp
  shadow.cpp
  sky.cpp
  sound.cpp
  SP.cpp
  staff.cpp
  time.cpp
  title.cpp
  コード生成しています。
  411 of 414 functions (99.3%) were compiled, the rest were copied from previous compilation.
    44 functions were new in current compilation
    0 functions had inline decision re-evaluated but remain unchanged
  コード生成が終了しました。
  夏だ！祭りだ！どんちゃんバトル（マスターVer2).vcxproj -> C:\Users\game119\Desktop\吉田学園情報ビジネス専門学校 佐野笙太\制作ゲーム\チーム制作ゲーム\01_3Dアクションゲーム(2年)\開発環境\夏だ！祭りだ！どんちゃんバトル（マスターVer2).exe
  夏だ！祭りだ！どんちゃんバトル（マスターVer2).vcxproj -> C:\Users\game119\Desktop\吉田学園情報ビジネス専門学校 佐野笙太\制作ゲーム\チーム制作ゲーム\01_3Dアクションゲーム(2年)\開発環境\夏だ！祭りだ！どんちゃんバトル（マスターVer2).pdb (Full PDB)
