  3dobject.cpp
  bg.cpp
  block.cpp
  camera.cpp
  effect.cpp
  enemy.cpp
  fade.cpp
  font.cpp
  game.cpp
  input.cpp
  item.cpp
  itemicon.cpp
  life.cpp
  light.cpp
  main.cpp
  manager.cpp
  meshfield.cpp
  meshriver.cpp
  minimap.cpp
  model.cpp
  コンパイル中...
  motion.cpp
  number.cpp
  pause.cpp
  pausebg.cpp
  player.cpp
  press.cpp
  ranking.cpp
  rankinglogo.cpp
  renderer.cpp
  result.cpp
  scene.cpp
  scene2d.cpp
  scene3d.cpp
  scenemesh.cpp
  scenex.cpp
  score.cpp
  shadow.cpp
  sound.cpp
  start.cpp
  time.cpp
  コンパイル中...
  title.cpp
  titleframe.cpp
  titlelogo.cpp
  tutorial.cpp
  ui.cpp
  wall.cpp
  コード生成しています。
  655 of 659 functions (99.4%) were compiled, the rest were copied from previous compilation.
    1 functions were new in current compilation
    0 functions had inline decision re-evaluated but remain unchanged
  コード生成が終了しました。
  異世界転生したら巨人に追われた件.vcxproj -> C:\Users\game119\Desktop\吉田学園情報ビジネス専門学校 佐野笙太 - コピー\制作ゲーム\02_3Dアクションゲーム(2年)\開発環境\異世界転生したら巨人に追われた件.exe
  異世界転生したら巨人に追われた件.vcxproj -> C:\Users\game119\Desktop\吉田学園情報ビジネス専門学校 佐野笙太 - コピー\制作ゲーム\02_3Dアクションゲーム(2年)\開発環境\異世界転生したら巨人に追われた件.pdb (Full PDB)
