  wall.cpp
  ui.cpp
  tutorial.cpp
  titlelogo.cpp
  titleframe.cpp
  title.cpp
  time.cpp
  start.cpp
  sound.cpp
  shadow.cpp
  score.cpp
  scenex.cpp
  scenemesh.cpp
  scene3d.cpp
  scene2d.cpp
  scene.cpp
  result.cpp
  renderer.cpp
  rankinglogo.cpp
  ranking.cpp
  コードを生成中...
  コンパイル中...
  press.cpp
  player.cpp
  pausebg.cpp
  pause.cpp
  number.cpp
  motion.cpp
  model.cpp
  minimap.cpp
  meshriver.cpp
  meshfield.cpp
  manager.cpp
  main.cpp
  light.cpp
  life.cpp
  itemicon.cpp
  item.cpp
  input.cpp
  game.cpp
  font.cpp
  fade.cpp
  コードを生成中...
  コンパイル中...
  enemy.cpp
  effect.cpp
  camera.cpp
  block.cpp
  bg.cpp
  3dobject.cpp
  コードを生成中...
main.obj : error LNK2019: 未解決の外部シンボル __CrtSetDbgFlag が関数 _WinMain@16 で参照されました。
C:\Users\game119\Desktop\異世界転生したら巨人に追われた件\異世界転生したら巨人に追われた件.exe : fatal error LNK1120: 1 件の未解決の外部参照
